<?xml version="1.0" encoding="UTF-8"?>
<coverage generated="1507716528">
  <project timestamp="1507716528">
    <file name="/home/george/www/data-structure/src/Arrayable.php">
      <metrics loc="17" ncloc="8" classes="0" methods="0" coveredmethods="0" conditionals="0" coveredconditionals="0" statements="0" coveredstatements="0" elements="0" coveredelements="0"/>
    </file>
    <file name="/home/george/www/data-structure/src/DataStructureInterface.php">
      <metrics loc="26" ncloc="10" classes="0" methods="0" coveredmethods="0" conditionals="0" coveredconditionals="0" statements="0" coveredstatements="0" elements="0" coveredelements="0"/>
    </file>
    <package name="NewInventor\DataStructure\Exception">
      <file name="/home/george/www/data-structure/src/Exception/PropertyException.php">
        <class name="PropertyException" namespace="NewInventor\DataStructure\Exception">
          <metrics complexity="3" methods="3" coveredmethods="1" conditionals="0" coveredconditionals="0" statements="6" coveredstatements="4" elements="9" coveredelements="5"/>
        </class>
        <line num="25" type="method" name="__construct" visibility="public" complexity="1" crap="1" count="2"/>
        <line num="27" type="stmt" count="2"/>
        <line num="28" type="stmt" count="2"/>
        <line num="29" type="stmt" count="2"/>
        <line num="30" type="stmt" count="2"/>
        <line num="35" type="method" name="getSymbolCode" visibility="public" complexity="1" crap="2" count="0"/>
        <line num="37" type="stmt" count="0"/>
        <line num="40" type="method" name="getPropertyName" visibility="public" complexity="1" crap="2" count="0"/>
        <line num="42" type="stmt" count="0"/>
        <metrics loc="43" ncloc="26" classes="1" methods="3" coveredmethods="1" conditionals="0" coveredconditionals="0" statements="6" coveredstatements="4" elements="9" coveredelements="5"/>
      </file>
      <file name="/home/george/www/data-structure/src/Exception/PropertyInvalidTypeException.php">
        <class name="PropertyInvalidTypeException" namespace="NewInventor\DataStructure\Exception">
          <metrics complexity="1" methods="1" coveredmethods="1" conditionals="0" coveredconditionals="0" statements="2" coveredstatements="2" elements="3" coveredelements="3"/>
        </class>
        <line num="21" type="method" name="__construct" visibility="public" complexity="1" crap="1" count="1"/>
        <line num="23" type="stmt" count="1"/>
        <line num="24" type="stmt" count="1"/>
        <metrics loc="24" ncloc="13" classes="1" methods="1" coveredmethods="1" conditionals="0" coveredconditionals="0" statements="2" coveredstatements="2" elements="3" coveredelements="3"/>
      </file>
      <file name="/home/george/www/data-structure/src/Exception/PropertyNotFoundException.php">
        <class name="PropertyNotFoundException" namespace="NewInventor\DataStructure\Exception">
          <metrics complexity="1" methods="1" coveredmethods="0" conditionals="0" coveredconditionals="0" statements="3" coveredstatements="0" elements="4" coveredelements="0"/>
        </class>
        <line num="21" type="method" name="__construct" visibility="public" complexity="1" crap="2" count="0"/>
        <line num="22" type="stmt" count="0"/>
        <line num="23" type="stmt" count="0"/>
        <line num="24" type="stmt" count="0"/>
        <metrics loc="24" ncloc="12" classes="1" methods="1" coveredmethods="0" conditionals="0" coveredconditionals="0" statements="3" coveredstatements="0" elements="4" coveredelements="0"/>
      </file>
      <file name="/home/george/www/data-structure/src/Exception/PropertyTransformationException.php">
        <class name="PropertyTransformationException" namespace="NewInventor\DataStructure\Exception">
          <metrics complexity="1" methods="1" coveredmethods="1" conditionals="0" coveredconditionals="0" statements="2" coveredstatements="2" elements="3" coveredelements="3"/>
        </class>
        <line num="21" type="method" name="__construct" visibility="public" complexity="1" crap="1" count="1"/>
        <line num="23" type="stmt" count="1"/>
        <line num="24" type="stmt" count="1"/>
        <metrics loc="24" ncloc="13" classes="1" methods="1" coveredmethods="1" conditionals="0" coveredconditionals="0" statements="2" coveredstatements="2" elements="3" coveredelements="3"/>
      </file>
    </package>
    <file name="/home/george/www/data-structure/src/Loadable.php">
      <metrics loc="28" ncloc="9" classes="0" methods="0" coveredmethods="0" conditionals="0" coveredconditionals="0" statements="0" coveredstatements="0" elements="0" coveredelements="0"/>
    </file>
    <package name="NewInventor\DataStructure\Metadata">
      <file name="/home/george/www/data-structure/src/Metadata/Configuration.php">
        <class name="Configuration" namespace="NewInventor\DataStructure\Metadata">
          <metrics complexity="77" methods="34" coveredmethods="27" conditionals="0" coveredconditionals="0" statements="193" coveredstatements="166" elements="227" coveredelements="193"/>
        </class>
        <line num="28" type="method" name="getConfigTreeBuilder" visibility="public" complexity="1" crap="1" count="7"/>
        <line num="30" type="stmt" count="7"/>
        <line num="32" type="stmt" count="7"/>
        <line num="33" type="stmt" count="7"/>
        <line num="34" type="stmt" count="7"/>
        <line num="35" type="stmt" count="7"/>
        <line num="37" type="stmt" count="7"/>
        <line num="43" type="method" name="getNamespaceNode" visibility="protected" complexity="1" crap="1" count="7"/>
        <line num="45" type="stmt" count="7"/>
        <line num="48" type="method" name="getValidationNode" visibility="protected" complexity="1" crap="1" count="7"/>
        <line num="50" type="stmt" count="7"/>
        <line num="51" type="stmt" count="7"/>
        <line num="52" type="stmt" count="7"/>
        <line num="53" type="stmt" count="7"/>
        <line num="54" type="stmt" count="7"/>
        <line num="55" type="stmt" count="7"/>
        <line num="62" type="method" name="getPropertiesNode" visibility="protected" complexity="1" crap="1" count="7"/>
        <line num="64" type="stmt" count="7"/>
        <line num="65" type="stmt" count="7"/>
        <line num="68" type="stmt" count="7"/>
        <line num="69" type="stmt" count="7"/>
        <line num="70" type="stmt" count="7"/>
        <line num="71" type="stmt" count="7"/>
        <line num="72" type="stmt" count="7"/>
        <line num="73" type="method" name="anonymousFunction:73#402" complexity="1" crap="1" count="7"/>
        <line num="74" type="stmt" count="7"/>
        <line num="75" type="stmt" count="7"/>
        <line num="77" type="stmt" count="7"/>
        <line num="78" type="stmt" count="7"/>
        <line num="79" type="stmt" count="7"/>
        <line num="80" type="stmt" count="7"/>
        <line num="81" type="stmt" count="7"/>
        <line num="82" type="stmt" count="7"/>
        <line num="83" type="stmt" count="7"/>
        <line num="86" type="method" name="getDefaultNode" visibility="protected" complexity="1" crap="1" count="7"/>
        <line num="88" type="stmt" count="7"/>
        <line num="89" type="stmt" count="7"/>
        <line num="90" type="stmt" count="7"/>
        <line num="91" type="stmt" count="7"/>
        <line num="92" type="stmt" count="7"/>
        <line num="93" type="stmt" count="7"/>
        <line num="94" type="stmt" count="7"/>
        <line num="97" type="method" name="getNestedNode" visibility="protected" complexity="1" crap="1" count="7"/>
        <line num="99" type="stmt" count="7"/>
        <line num="100" type="stmt" count="7"/>
        <line num="101" type="stmt" count="7"/>
        <line num="102" type="stmt" count="7"/>
        <line num="103" type="method" name="anonymousFunction:103#599" complexity="1" crap="1.12" count="7"/>
        <line num="104" type="stmt" count="0"/>
        <line num="105" type="stmt" count="7"/>
        <line num="107" type="stmt" count="7"/>
        <line num="108" type="stmt" count="7"/>
        <line num="109" type="stmt" count="7"/>
        <line num="110" type="stmt" count="7"/>
        <line num="111" type="stmt" count="7"/>
        <line num="112" type="stmt" count="7"/>
        <line num="113" type="stmt" count="7"/>
        <line num="114" type="stmt" count="7"/>
        <line num="115" type="stmt" count="7"/>
        <line num="116" type="stmt" count="7"/>
        <line num="119" type="method" name="getTransformersNode" visibility="protected" complexity="1" crap="1" count="7"/>
        <line num="121" type="stmt" count="7"/>
        <line num="122" type="stmt" count="7"/>
        <line num="125" type="stmt" count="7"/>
        <line num="126" type="stmt" count="7"/>
        <line num="127" type="stmt" count="7"/>
        <line num="128" type="method" name="anonymousFunction:128#753" complexity="1" crap="1" count="7"/>
        <line num="129" type="stmt" count="7"/>
        <line num="130" type="stmt" count="7"/>
        <line num="132" type="stmt" count="7"/>
        <line num="133" type="stmt" count="7"/>
        <line num="134" type="stmt" count="7"/>
        <line num="135" type="stmt" count="7"/>
        <line num="136" type="stmt" count="7"/>
        <line num="137" type="stmt" count="7"/>
        <line num="138" type="stmt" count="7"/>
        <line num="139" type="stmt" count="7"/>
        <line num="140" type="stmt" count="7"/>
        <line num="141" type="stmt" count="7"/>
        <line num="142" type="stmt" count="7"/>
        <line num="143" type="stmt" count="7"/>
        <line num="144" type="stmt" count="7"/>
        <line num="145" type="stmt" count="7"/>
        <line num="146" type="stmt" count="7"/>
        <line num="147" type="stmt" count="7"/>
        <line num="148" type="stmt" count="7"/>
        <line num="149" type="stmt" count="7"/>
        <line num="150" type="stmt" count="7"/>
        <line num="151" type="stmt" count="7"/>
        <line num="152" type="stmt" count="7"/>
        <line num="153" type="stmt" count="7"/>
        <line num="154" type="stmt" count="7"/>
        <line num="155" type="stmt" count="7"/>
        <line num="157" type="stmt" count="7"/>
        <line num="160" type="method" name="normalizeDefault" visibility="protected" complexity="12" crap="85.73" count="5"/>
        <line num="162" type="stmt" count="5"/>
        <line num="163" type="stmt" count="0"/>
        <line num="165" type="stmt" count="5"/>
        <line num="166" type="stmt" count="0"/>
        <line num="168" type="stmt" count="5"/>
        <line num="169" type="stmt" count="5"/>
        <line num="171" type="stmt" count="0"/>
        <line num="172" type="stmt" count="0"/>
        <line num="173" type="stmt" count="0"/>
        <line num="176" type="stmt" count="0"/>
        <line num="177" type="stmt" count="0"/>
        <line num="178" type="stmt" count="0"/>
        <line num="179" type="stmt" count="0"/>
        <line num="181" type="stmt" count="0"/>
        <line num="183" type="stmt" count="0"/>
        <line num="184" type="stmt" count="0"/>
        <line num="187" type="stmt" count="0"/>
        <line num="188" type="stmt" count="0"/>
        <line num="190" type="stmt" count="0"/>
        <line num="195" type="stmt" count="0"/>
        <line num="198" type="method" name="checkCustomParameters" visibility="protected" complexity="11" crap="11.04" count="7"/>
        <line num="200" type="stmt" count="7"/>
        <line num="201" type="stmt" count="5"/>
        <line num="203" type="stmt" count="7"/>
        <line num="204" type="stmt" count="0"/>
        <line num="206" type="stmt" count="7"/>
        <line num="207" type="stmt" count="5"/>
        <line num="209" type="stmt" count="7"/>
        <line num="210" type="stmt" count="7"/>
        <line num="211" type="stmt" count="5"/>
        <line num="213" type="stmt" count="7"/>
        <line num="215" type="stmt" count="7"/>
        <line num="216" type="stmt" count="7"/>
        <line num="217" type="stmt" count="7"/>
        <line num="219" type="stmt" count="7"/>
        <line num="224" type="stmt" count="1"/>
        <line num="227" type="method" name="normalizeCustomParameters" visibility="protected" complexity="15" crap="15.59" count="7"/>
        <line num="229" type="stmt" count="7"/>
        <line num="230" type="stmt" count="5"/>
        <line num="232" type="stmt" count="7"/>
        <line num="233" type="stmt" count="0"/>
        <line num="235" type="stmt" count="7"/>
        <line num="236" type="stmt" count="0"/>
        <line num="238" type="stmt" count="7"/>
        <line num="239" type="stmt" count="7"/>
        <line num="240" type="stmt" count="7"/>
        <line num="241" type="stmt" count="7"/>
        <line num="242" type="stmt" count="7"/>
        <line num="244" type="stmt" count="7"/>
        <line num="245" type="stmt" count="7"/>
        <line num="246" type="stmt" count="5"/>
        <line num="247" type="stmt" count="5"/>
        <line num="248" type="stmt" count="7"/>
        <line num="249" type="stmt" count="5"/>
        <line num="250" type="stmt" count="5"/>
        <line num="251" type="stmt" count="7"/>
        <line num="252" type="stmt" count="7"/>
        <line num="253" type="stmt" count="7"/>
        <line num="254" type="stmt" count="0"/>
        <line num="255" type="stmt" count="7"/>
        <line num="256" type="stmt" count="7"/>
        <line num="257" type="stmt" count="0"/>
        <line num="258" type="stmt" count="7"/>
        <line num="263" type="stmt" count="7"/>
        <line num="264" type="stmt" count="5"/>
        <line num="267" type="stmt" count="7"/>
        <line num="270" type="method" name="getPropertyValidationNode" visibility="protected" complexity="1" crap="1" count="7"/>
        <line num="272" type="stmt" count="7"/>
        <line num="275" type="method" name="evaluateInnerTransformer" visibility="protected" complexity="1" crap="1" count="6"/>
        <line num="277" type="stmt" count="6"/>
        <line num="278" type="stmt" count="6"/>
        <line num="281" type="stmt" count="6"/>
        <line num="282" type="stmt" count="6"/>
        <line num="283" type="stmt" count="6"/>
        <line num="284" type="stmt" count="6"/>
        <line num="285" type="stmt" count="6"/>
        <line num="286" type="stmt" count="6"/>
        <line num="287" type="stmt" count="6"/>
        <line num="288" type="stmt" count="6"/>
        <line num="289" type="stmt" count="6"/>
        <line num="290" type="stmt" count="6"/>
        <line num="291" type="stmt" count="6"/>
        <line num="292" type="stmt" count="6"/>
        <line num="293" type="stmt" count="6"/>
        <line num="294" type="stmt" count="6"/>
        <line num="295" type="stmt" count="6"/>
        <line num="296" type="stmt" count="6"/>
        <line num="297" type="stmt" count="6"/>
        <line num="298" type="stmt" count="6"/>
        <line num="299" type="stmt" count="6"/>
        <line num="300" type="stmt" count="6"/>
        <line num="301" type="stmt" count="6"/>
        <line num="302" type="stmt" count="6"/>
        <line num="303" type="stmt" count="6"/>
        <line num="304" type="stmt" count="6"/>
        <line num="306" type="stmt" count="6"/>
        <line num="309" type="method" name="makeTransformer" visibility="protected" complexity="1" crap="1" count="6"/>
        <line num="311" type="stmt" count="6"/>
        <line num="312" type="stmt" count="6"/>
        <line num="315" type="stmt" count="6"/>
        <line num="316" type="stmt" count="6"/>
        <line num="317" type="method" name="anonymousFunction:317#2239" complexity="1" crap="1" count="6"/>
        <line num="318" type="stmt" count="6"/>
        <line num="319" type="stmt" count="6"/>
        <line num="321" type="stmt" count="6"/>
        <line num="322" type="method" name="anonymousFunction:322#2270" complexity="1" crap="1.12" count="6"/>
        <line num="323" type="stmt" count="0"/>
        <line num="324" type="stmt" count="6"/>
        <line num="326" type="stmt" count="6"/>
        <line num="327" type="stmt" count="6"/>
        <line num="328" type="stmt" count="6"/>
        <line num="329" type="method" name="anonymousFunction:329#2323" complexity="1" crap="1" count="6"/>
        <line num="330" type="stmt" count="6"/>
        <line num="331" type="stmt" count="6"/>
        <line num="333" type="stmt" count="6"/>
        <line num="334" type="method" name="anonymousFunction:334#2353" complexity="1" crap="1.30" count="6"/>
        <line num="335" type="stmt" count="0"/>
        <line num="336" type="stmt" count="0"/>
        <line num="337" type="stmt" count="6"/>
        <line num="339" type="stmt" count="6"/>
        <line num="340" type="stmt" count="6"/>
        <line num="341" type="stmt" count="6"/>
        <line num="342" type="stmt" count="6"/>
        <line num="343" type="stmt" count="6"/>
        <line num="344" type="stmt" count="6"/>
        <line num="345" type="stmt" count="6"/>
        <line num="346" type="stmt" count="6"/>
        <line num="348" type="stmt" count="6"/>
        <line num="351" type="method" name="makeInnerTransformer" visibility="protected" complexity="1" crap="1" count="6"/>
        <line num="353" type="stmt" count="6"/>
        <line num="354" type="stmt" count="6"/>
        <line num="357" type="stmt" count="6"/>
        <line num="358" type="stmt" count="6"/>
        <line num="359" type="method" name="anonymousFunction:359#2511" complexity="1" crap="1" count="6"/>
        <line num="360" type="stmt" count="6"/>
        <line num="361" type="stmt" count="6"/>
        <line num="363" type="stmt" count="6"/>
        <line num="364" type="method" name="anonymousFunction:364#2542" complexity="1" crap="1" count="6"/>
        <line num="365" type="stmt" count="6"/>
        <line num="366" type="stmt" count="6"/>
        <line num="368" type="stmt" count="6"/>
        <line num="369" type="stmt" count="6"/>
        <line num="370" type="stmt" count="6"/>
        <line num="371" type="method" name="anonymousFunction:371#2586" complexity="1" crap="1" count="6"/>
        <line num="372" type="stmt" count="6"/>
        <line num="373" type="stmt" count="6"/>
        <line num="375" type="stmt" count="6"/>
        <line num="376" type="method" name="anonymousFunction:376#2616" complexity="1" crap="1" count="6"/>
        <line num="377" type="stmt" count="1"/>
        <line num="378" type="stmt" count="1"/>
        <line num="379" type="stmt" count="6"/>
        <line num="381" type="stmt" count="6"/>
        <line num="382" type="stmt" count="6"/>
        <line num="383" type="stmt" count="6"/>
        <line num="384" type="stmt" count="6"/>
        <line num="385" type="stmt" count="6"/>
        <line num="386" type="stmt" count="6"/>
        <line num="387" type="stmt" count="6"/>
        <line num="388" type="stmt" count="6"/>
        <line num="390" type="stmt" count="6"/>
        <line num="393" type="method" name="classNotExists" visibility="public" complexity="2" crap="2" count="7"/>
        <line num="395" type="stmt" count="7"/>
        <line num="396" type="stmt" count="7"/>
        <line num="397" type="stmt" count="6"/>
        <line num="399" type="stmt" count="7"/>
        <line num="402" type="method" name="prepareShortcutTransformer" visibility="public" complexity="2" crap="2" count="7"/>
        <line num="404" type="stmt" count="7"/>
        <line num="405" type="stmt" count="7"/>
        <line num="406" type="stmt" count="7"/>
        <line num="407" type="stmt" count="1"/>
        <line num="409" type="stmt" count="6"/>
        <line num="410" type="stmt" count="6"/>
        <line num="412" type="stmt" count="6"/>
        <line num="415" type="method" name="classExists" visibility="public" complexity="2" crap="2" count="6"/>
        <line num="417" type="stmt" count="6"/>
        <line num="418" type="stmt" count="6"/>
        <line num="419" type="stmt" count="6"/>
        <line num="421" type="stmt" count="6"/>
        <line num="424" type="method" name="checkImplementation" visibility="public" complexity="3" crap="3.33" count="6"/>
        <line num="425" type="stmt" count="6"/>
        <line num="427" type="stmt" count="6"/>
        <line num="428" type="stmt" count="6"/>
        <line num="430" type="stmt" count="0"/>
        <line num="431" type="stmt" count="0"/>
        <line num="434" type="stmt" count="6"/>
        <line num="437" type="method" name="isTransformerContainer" visibility="public" complexity="2" crap="2" count="6"/>
        <line num="439" type="stmt" count="6"/>
        <line num="440" type="stmt" count="6"/>
        <line num="441" type="stmt" count="6"/>
        <line num="443" type="stmt" count="6"/>
        <line num="446" type="method" name="getContainerNode" visibility="public" complexity="1" crap="1" count="6"/>
        <line num="448" type="stmt" count="6"/>
        <line num="451" type="method" name="isTransformer" visibility="public" complexity="3" crap="3" count="6"/>
        <line num="453" type="stmt" count="6"/>
        <line num="454" type="stmt" count="6"/>
        <line num="455" type="stmt" count="6"/>
        <line num="457" type="stmt" count="6"/>
        <line num="458" type="stmt" count="6"/>
        <line num="461" type="method" name="getTransformerNode" visibility="public" complexity="1" crap="1" count="6"/>
        <line num="463" type="stmt" count="6"/>
        <line num="466" type="method" name="getInnerTransformerNode" visibility="public" complexity="1" crap="1" count="6"/>
        <line num="468" type="stmt" count="6"/>
        <metrics loc="469" ncloc="452" classes="1" methods="34" coveredmethods="27" conditionals="0" coveredconditionals="0" statements="263" coveredstatements="236" elements="297" coveredelements="263"/>
      </file>
      <file name="/home/george/www/data-structure/src/Metadata/Loader.php">
        <class name="Loader" namespace="NewInventor\DataStructure\Metadata">
          <metrics complexity="22" methods="12" coveredmethods="12" conditionals="0" coveredconditionals="0" statements="38" coveredstatements="38" elements="50" coveredelements="50"/>
        </class>
        <line num="24" type="method" name="__construct" visibility="public" complexity="4" crap="4" count="9"/>
        <line num="26" type="stmt" count="9"/>
        <line num="27" type="stmt" count="8"/>
        <line num="29" type="stmt" count="1"/>
        <line num="31" type="stmt" count="8"/>
        <line num="32" type="stmt" count="8"/>
        <line num="33" type="stmt" count="1"/>
        <line num="35" type="stmt" count="7"/>
        <line num="36" type="stmt" count="7"/>
        <line num="43" type="method" name="setCacheDriver" visibility="public" complexity="1" crap="1" count="1"/>
        <line num="45" type="stmt" count="1"/>
        <line num="47" type="stmt" count="1"/>
        <line num="53" type="method" name="getPath" visibility="public" complexity="1" crap="1" count="2"/>
        <line num="55" type="stmt" count="2"/>
        <line num="61" type="method" name="getBaseNamespace" visibility="public" complexity="1" crap="1" count="1"/>
        <line num="63" type="stmt" count="1"/>
        <line num="73" type="method" name="loadMetadataFor" visibility="public" complexity="3" crap="3" count="5"/>
        <line num="75" type="stmt" count="5"/>
        <line num="76" type="stmt" count="4"/>
        <line num="77" type="stmt" count="4"/>
        <line num="78" type="stmt" count="4"/>
        <line num="80" type="stmt" count="1"/>
        <line num="82" type="stmt" count="1"/>
        <line num="89" type="method" name="loadMetadata" visibility="public" complexity="2" crap="2" count="2"/>
        <line num="91" type="stmt" count="2"/>
        <line num="92" type="stmt" count="1"/>
        <line num="94" type="stmt" count="1"/>
        <line num="97" type="method" name="getMatadataObj" visibility="protected" complexity="3" crap="3" count="5"/>
        <line num="99" type="stmt" count="5"/>
        <line num="100" type="stmt" count="1"/>
        <line num="101" type="stmt" count="1"/>
        <line num="102" type="stmt" count="1"/>
        <line num="103" type="stmt" count="1"/>
        <line num="104" type="stmt" count="1"/>
        <line num="105" type="stmt" count="1"/>
        <line num="108" type="stmt" count="1"/>
        <line num="111" type="stmt" count="4"/>
        <line num="114" type="method" name="constructMetadata" visibility="protected" complexity="1" crap="1" count="5"/>
        <line num="116" type="stmt" count="5"/>
        <line num="119" type="stmt" count="5"/>
        <line num="122" type="method" name="getCacheKey" visibility="protected" complexity="1" crap="1" count="1"/>
        <line num="124" type="stmt" count="1"/>
        <line num="127" type="method" name="getFilePath" visibility="public" complexity="1" crap="1" count="4"/>
        <line num="129" type="stmt" count="4"/>
        <line num="130" type="stmt" count="4"/>
        <line num="131" type="stmt" count="4"/>
        <line num="134" type="method" name="isReadableDir" visibility="protected" complexity="2" crap="2" count="5"/>
        <line num="136" type="stmt" count="5"/>
        <line num="139" type="method" name="isReadableFile" visibility="protected" complexity="2" crap="2" count="6"/>
        <line num="141" type="stmt" count="6"/>
        <metrics loc="142" ncloc="110" classes="1" methods="12" coveredmethods="12" conditionals="0" coveredconditionals="0" statements="38" coveredstatements="38" elements="50" coveredelements="50"/>
      </file>
      <file name="/home/george/www/data-structure/src/Metadata/Metadata.php">
        <class name="Metadata" namespace="NewInventor\DataStructure\Metadata">
          <metrics complexity="63" methods="23" coveredmethods="19" conditionals="0" coveredconditionals="0" statements="111" coveredstatements="102" elements="134" coveredelements="121"/>
        </class>
        <line num="54" type="method" name="getConfig" visibility="public" complexity="1" crap="1" count="7"/>
        <line num="56" type="stmt" count="7"/>
        <line num="64" type="method" name="getClassNameFromFile" visibility="public" complexity="1" crap="1" count="7"/>
        <line num="66" type="stmt" count="7"/>
        <line num="75" type="method" name="loadConfig" visibility="public" complexity="4" crap="4" count="7"/>
        <line num="77" type="stmt" count="7"/>
        <line num="78" type="stmt" count="7"/>
        <line num="79" type="stmt" count="7"/>
        <line num="80" type="stmt" count="7"/>
        <line num="81" type="stmt" count="6"/>
        <line num="82" type="stmt" count="6"/>
        <line num="84" type="stmt" count="6"/>
        <line num="85" type="stmt" count="6"/>
        <line num="86" type="stmt" count="6"/>
        <line num="90" type="stmt" count="6"/>
        <line num="93" type="method" name="prepareMethods" visibility="protected" complexity="3" crap="12" count="0"/>
        <line num="95" type="stmt" count="0"/>
        <line num="96" type="stmt" count="0"/>
        <line num="98" type="stmt" count="0"/>
        <line num="99" type="stmt" count="0"/>
        <line num="102" type="stmt" count="0"/>
        <line num="105" type="method" name="prepareProperty" visibility="protected" complexity="4" crap="4" count="6"/>
        <line num="107" type="stmt" count="6"/>
        <line num="108" type="stmt" count="6"/>
        <line num="109" type="stmt" count="5"/>
        <line num="112" type="stmt" count="6"/>
        <line num="113" type="stmt" count="6"/>
        <line num="114" type="stmt" count="6"/>
        <line num="115" type="stmt" count="6"/>
        <line num="116" type="stmt" count="6"/>
        <line num="118" type="stmt" count="5"/>
        <line num="120" type="stmt" count="6"/>
        <line num="122" type="stmt" count="6"/>
        <line num="124" type="method" name="setPropertyTransformer" visibility="protected" complexity="2" crap="2" count="6"/>
        <line num="129" type="stmt" count="6"/>
        <line num="130" type="stmt" count="6"/>
        <line num="132" type="stmt" count="6"/>
        <line num="133" type="stmt" count="6"/>
        <line num="141" type="method" name="prepareTransformer" visibility="protected" complexity="4" crap="4" count="6"/>
        <line num="143" type="stmt" count="6"/>
        <line num="145" type="stmt" count="6"/>
        <line num="146" type="stmt" count="6"/>
        <line num="148" type="stmt" count="6"/>
        <line num="151" type="stmt" count="6"/>
        <line num="152" type="stmt" count="6"/>
        <line num="154" type="stmt" count="6"/>
        <line num="157" type="method" name="prepareTransformersList" visibility="protected" complexity="4" crap="4" count="6"/>
        <line num="159" type="stmt" count="6"/>
        <line num="160" type="stmt" count="6"/>
        <line num="161" type="stmt" count="6"/>
        <line num="162" type="stmt" count="6"/>
        <line num="163" type="stmt" count="6"/>
        <line num="164" type="stmt" count="6"/>
        <line num="165" type="stmt" count="6"/>
        <line num="166" type="stmt" count="6"/>
        <line num="167" type="stmt" count="6"/>
        <line num="168" type="stmt" count="6"/>
        <line num="171" type="stmt" count="6"/>
        <line num="175" type="stmt" count="6"/>
        <line num="178" type="method" name="normalizeGroups" visibility="protected" complexity="2" crap="2" count="6"/>
        <line num="180" type="stmt" count="6"/>
        <line num="183" type="method" name="extractGroups" visibility="protected" complexity="5" crap="5" count="6"/>
        <line num="185" type="stmt" count="6"/>
        <line num="186" type="stmt" count="6"/>
        <line num="187" type="stmt" count="6"/>
        <line num="189" type="stmt" count="6"/>
        <line num="193" type="stmt" count="4"/>
        <line num="196" type="method" name="getFullName" visibility="protected" complexity="3" crap="3.33" count="6"/>
        <line num="198" type="stmt" count="6"/>
        <line num="199" type="stmt" count="6"/>
        <line num="202" type="stmt" count="0"/>
        <line num="205" type="method" name="initValidation" visibility="protected" complexity="13" crap="13.28" count="2"/>
        <line num="207" type="stmt" count="2"/>
        <line num="208" type="stmt" count="2"/>
        <line num="209" type="stmt" count="0"/>
        <line num="211" type="stmt" count="2"/>
        <line num="212" type="stmt" count="2"/>
        <line num="213" type="stmt" count="2"/>
        <line num="216" type="stmt" count="2"/>
        <line num="217" type="stmt" count="2"/>
        <line num="218" type="stmt" count="2"/>
        <line num="219" type="stmt" count="0"/>
        <line num="221" type="stmt" count="2"/>
        <line num="224" type="stmt" count="2"/>
        <line num="225" type="stmt" count="2"/>
        <line num="226" type="stmt" count="2"/>
        <line num="227" type="stmt" count="2"/>
        <line num="229" type="stmt" count="2"/>
        <line num="232" type="stmt" count="2"/>
        <line num="234" type="method" name="createValidator" visibility="protected" complexity="1" crap="1" count="2"/>
        <line num="236" type="stmt" count="2"/>
        <line num="238" type="stmt" count="2"/>
        <line num="239" type="stmt" count="2"/>
        <line num="240" type="stmt" count="2"/>
        <line num="242" type="stmt" count="2"/>
        <line num="244" type="stmt" count="2"/>
        <line num="245" type="stmt" count="2"/>
        <line num="246" type="stmt" count="2"/>
        <line num="247" type="stmt" count="2"/>
        <line num="251" type="method" name="prepareGetterValidators" visibility="protected" complexity="2" crap="2" count="2"/>
        <line num="253" type="stmt" count="2"/>
        <line num="254" type="stmt" count="2"/>
        <line num="256" type="stmt" count="2"/>
        <line num="258" type="method" name="preparePropertyValidators" visibility="protected" complexity="2" crap="2" count="2"/>
        <line num="260" type="stmt" count="2"/>
        <line num="261" type="stmt" count="2"/>
        <line num="263" type="stmt" count="2"/>
        <line num="265" type="method" name="prepareValidator" visibility="protected" complexity="3" crap="3.04" count="2"/>
        <line num="267" type="stmt" count="2"/>
        <line num="268" type="stmt" count="2"/>
        <line num="269" type="stmt" count="2"/>
        <line num="271" type="stmt" count="2"/>
        <line num="272" type="stmt" count="0"/>
        <line num="275" type="stmt" count="2"/>
        <line num="281" type="method" name="getFullClassName" visibility="public" complexity="1" crap="1" count="2"/>
        <line num="283" type="stmt" count="2"/>
        <line num="289" type="method" name="getNamespace" visibility="public" complexity="1" crap="1" count="2"/>
        <line num="291" type="stmt" count="2"/>
        <line num="297" type="method" name="getClassName" visibility="public" complexity="1" crap="1" count="2"/>
        <line num="299" type="stmt" count="2"/>
        <line num="307" type="method" name="getValidator" visibility="public" complexity="3" crap="3" count="2"/>
        <line num="309" type="stmt" count="2"/>
        <line num="310" type="stmt" count="2"/>
        <line num="311" type="stmt" count="2"/>
        <line num="312" type="stmt" count="2"/>
        <line num="314" type="stmt" count="2"/>
        <line num="315" type="stmt" count="2"/>
        <line num="317" type="stmt" count="2"/>
        <line num="323" type="method" name="getProperties" visibility="public" complexity="1" crap="1" count="2"/>
        <line num="325" type="stmt" count="2"/>
        <line num="333" type="method" name="getTransformer" visibility="public" complexity="1" crap="1" count="4"/>
        <line num="335" type="stmt" count="4"/>
        <line num="341" type="method" name="getNested" visibility="public" complexity="1" crap="1" count="2"/>
        <line num="343" type="stmt" count="2"/>
        <metrics loc="344" ncloc="283" classes="1" methods="23" coveredmethods="19" conditionals="0" coveredconditionals="0" statements="111" coveredstatements="102" elements="134" coveredelements="121"/>
      </file>
    </package>
    <file name="/home/george/www/data-structure/src/Metadata/MetadataIntraface.php">
      <metrics loc="76" ncloc="30" classes="0" methods="0" coveredmethods="0" conditionals="0" coveredconditionals="0" statements="0" coveredstatements="0" elements="0" coveredelements="0"/>
    </file>
    <package name="NewInventor\DataStructure">
      <file name="/home/george/www/data-structure/src/PropertiesTransformer.php">
        <class name="PropertiesTransformer" namespace="NewInventor\DataStructure">
          <metrics complexity="17" methods="8" coveredmethods="8" conditionals="0" coveredconditionals="0" statements="29" coveredstatements="29" elements="37" coveredelements="37"/>
        </class>
        <line num="31" type="method" name="__construct" visibility="public" complexity="1" crap="1" count="10"/>
        <line num="33" type="stmt" count="10"/>
        <line num="34" type="stmt" count="10"/>
        <line num="36" type="method" name="setTransformer" visibility="public" complexity="1" crap="1" count="7"/>
        <line num="38" type="stmt" count="7"/>
        <line num="40" type="stmt" count="7"/>
        <line num="43" type="method" name="setTransformers" visibility="public" complexity="2" crap="2" count="1"/>
        <line num="45" type="stmt" count="1"/>
        <line num="46" type="stmt" count="1"/>
        <line num="49" type="stmt" count="1"/>
        <line num="52" type="method" name="getTransformer" visibility="public" complexity="2" crap="2" count="3"/>
        <line num="54" type="stmt" count="3"/>
        <line num="60" type="method" name="getErrors" visibility="public" complexity="1" crap="1" count="3"/>
        <line num="62" type="stmt" count="3"/>
        <line num="68" type="method" name="isFailOnFirstError" visibility="public" complexity="1" crap="1" count="1"/>
        <line num="70" type="stmt" count="1"/>
        <line num="78" type="method" name="setFailOnFirstError" visibility="public" complexity="1" crap="1" count="4"/>
        <line num="80" type="stmt" count="4"/>
        <line num="82" type="stmt" count="4"/>
        <line num="92" type="method" name="transform" visibility="public" complexity="8" crap="8" count="7"/>
        <line num="94" type="stmt" count="7"/>
        <line num="95" type="stmt" count="7"/>
        <line num="98" type="stmt" count="7"/>
        <line num="99" type="stmt" count="7"/>
        <line num="101" type="stmt" count="7"/>
        <line num="103" type="stmt" count="4"/>
        <line num="105" type="stmt" count="4"/>
        <line num="106" type="stmt" count="3"/>
        <line num="107" type="stmt" count="1"/>
        <line num="109" type="stmt" count="2"/>
        <line num="110" type="stmt" count="2"/>
        <line num="111" type="stmt" count="3"/>
        <line num="112" type="stmt" count="3"/>
        <line num="113" type="stmt" count="1"/>
        <line num="115" type="stmt" count="2"/>
        <line num="116" type="stmt" count="5"/>
        <line num="120" type="stmt" count="5"/>
        <metrics loc="121" ncloc="90" classes="1" methods="8" coveredmethods="8" conditionals="0" coveredconditionals="0" statements="29" coveredstatements="29" elements="37" coveredelements="37"/>
      </file>
      <file name="/home/george/www/data-structure/src/RecursiveConstructor.php">
        <class name="RecursiveConstructor" namespace="NewInventor\DataStructure">
          <metrics complexity="13" methods="8" coveredmethods="5" conditionals="0" coveredconditionals="0" statements="38" coveredstatements="33" elements="46" coveredelements="38"/>
        </class>
        <line num="29" type="method" name="__construct" visibility="public" complexity="1" crap="1" count="2"/>
        <line num="31" type="stmt" count="2"/>
        <line num="32" type="stmt" count="2"/>
        <line num="37" type="method" name="isFailOnFirstError" visibility="public" complexity="1" crap="2" count="0"/>
        <line num="39" type="stmt" count="0"/>
        <line num="47" type="method" name="setFailOnFirstError" visibility="public" complexity="1" crap="1" count="2"/>
        <line num="49" type="stmt" count="2"/>
        <line num="51" type="stmt" count="2"/>
        <line num="57" type="method" name="getErrors" visibility="public" complexity="1" crap="1" count="2"/>
        <line num="59" type="stmt" count="2"/>
        <line num="72" type="method" name="construct" visibility="public" complexity="3" crap="3.05" count="2"/>
        <line num="74" type="stmt" count="2"/>
        <line num="75" type="stmt" count="2"/>
        <line num="76" type="stmt" count="2"/>
        <line num="77" type="stmt" count="2"/>
        <line num="79" type="stmt" count="2"/>
        <line num="80" type="stmt" count="2"/>
        <line num="83" type="stmt" count="2"/>
        <line num="84" type="stmt" count="2"/>
        <line num="86" type="stmt" count="2"/>
        <line num="88" type="stmt" count="0"/>
        <line num="92" type="stmt" count="0"/>
        <line num="96" type="method" name="transform" visibility="protected" complexity="1" crap="1" count="2"/>
        <line num="98" type="stmt" count="2"/>
        <line num="99" type="stmt" count="2"/>
        <line num="100" type="stmt" count="2"/>
        <line num="101" type="stmt" count="2"/>
        <line num="103" type="stmt" count="2"/>
        <line num="113" type="method" name="constructNested" visibility="protected" complexity="3" crap="3" count="2"/>
        <line num="115" type="stmt" count="2"/>
        <line num="116" type="stmt" count="2"/>
        <line num="117" type="stmt" count="2"/>
        <line num="118" type="stmt" count="2"/>
        <line num="119" type="stmt" count="2"/>
        <line num="120" type="stmt" count="2"/>
        <line num="121" type="stmt" count="2"/>
        <line num="126" type="stmt" count="2"/>
        <line num="137" type="method" name="constructConcreteNested" visibility="protected" complexity="2" crap="2.06" count="2"/>
        <line num="139" type="stmt" count="2"/>
        <line num="140" type="stmt" count="0"/>
        <line num="141" type="stmt" count="0"/>
        <line num="143" type="stmt" count="2"/>
        <line num="145" type="stmt" count="2"/>
        <line num="147" type="stmt" count="2"/>
        <line num="148" type="stmt" count="2"/>
        <line num="150" type="stmt" count="2"/>
        <metrics loc="151" ncloc="99" classes="1" methods="8" coveredmethods="5" conditionals="0" coveredconditionals="0" statements="38" coveredstatements="33" elements="46" coveredelements="38"/>
      </file>
    </package>
    <file name="/home/george/www/data-structure/src/StructureTransformerInterface.php">
      <metrics loc="47" ncloc="24" classes="0" methods="0" coveredmethods="0" conditionals="0" coveredconditionals="0" statements="0" coveredstatements="0" elements="0" coveredelements="0"/>
    </file>
    <package name="NewInventor\DataStructure\Validation">
      <file name="/home/george/www/data-structure/src/Validation/Loader.php">
        <class name="Loader" namespace="NewInventor\DataStructure\Validation">
          <metrics complexity="3" methods="2" coveredmethods="1" conditionals="0" coveredconditionals="0" statements="12" coveredstatements="4" elements="14" coveredelements="5"/>
        </class>
        <line num="24" type="method" name="__construct" visibility="public" complexity="1" crap="1" count="3"/>
        <line num="26" type="stmt" count="3"/>
        <line num="27" type="stmt" count="3"/>
        <line num="36" type="method" name="loadClassMetadata" visibility="public" complexity="2" crap="4.05" count="1"/>
        <line num="38" type="stmt" count="1"/>
        <line num="39" type="stmt" count="1"/>
        <line num="41" type="stmt" count="0"/>
        <line num="42" type="stmt" count="0"/>
        <line num="43" type="stmt" count="0"/>
        <line num="44" type="stmt" count="0"/>
        <line num="45" type="stmt" count="0"/>
        <line num="46" type="stmt" count="0"/>
        <line num="47" type="stmt" count="0"/>
        <line num="49" type="stmt" count="0"/>
        <metrics loc="50" ncloc="32" classes="1" methods="2" coveredmethods="1" conditionals="0" coveredconditionals="0" statements="12" coveredstatements="4" elements="14" coveredelements="5"/>
      </file>
    </package>
    <metrics files="15" loc="1586" ncloc="1211" classes="10" methods="93" coveredmethods="75" conditionals="0" coveredconditionals="0" statements="504" coveredstatements="450" elements="597" coveredelements="525"/>
  </project>
</coverage>
