<?xml version="1.0" encoding="UTF-8"?>
<coverage generated="1509632471">
    <project timestamp="1509632471">
        <package name="NewInventor\DataStructure">
            <file name="/home/george/www/data-structure/src/AbstractLoader.php">
                <class name="AbstractLoader" namespace="NewInventor\DataStructure">
                    <metrics complexity="13" methods="5" coveredmethods="3" conditionals="0" coveredconditionals="0"
                             statements="29" coveredstatements="24" elements="34" coveredelements="27"/>
                </class>
                <line num="32" type="method" name="__construct" visibility="public" complexity="2" crap="2.02"
                      count="11"/>
                <line num="34" type="stmt" count="11"/>
                <line num="35" type="stmt" count="11"/>
                <line num="37" type="stmt" count="0"/>
                <line num="39" type="stmt" count="11"/>
                <line num="40" type="stmt" count="11"/>
                <line num="41" type="stmt" count="11"/>
                <line num="50" type="method" name="load" visibility="public" complexity="4" crap="4.59" count="11"/>
                <line num="52" type="stmt" count="11"/>
                <line num="53" type="stmt" count="11"/>
                <line num="54" type="stmt" count="11"/>
                <line num="55" type="stmt" count="11"/>
                <line num="56" type="stmt" count="11"/>
                <line num="57" type="stmt" count="10"/>
                <line num="59" type="stmt" count="0"/>
                <line num="60" type="stmt" count="10"/>
                <line num="63" type="stmt" count="0"/>
                <line num="64" type="stmt" count="0"/>
                <line num="65" type="stmt" count="0"/>
                <line num="67" type="stmt" count="10"/>
                <line num="73" type="method" name="getFilePath" visibility="protected" complexity="1" crap="1"
                      count="11"/>
                <line num="75" type="stmt" count="11"/>
                <line num="76" type="stmt" count="11"/>
                <line num="77" type="stmt" count="11"/>
                <line num="78" type="stmt" count="11"/>
                <line num="79" type="stmt" count="11"/>
                <line num="80" type="stmt" count="11"/>
                <line num="81" type="stmt" count="11"/>
                <line num="83" type="stmt" count="11"/>
                <line num="85" type="stmt" count="11"/>
                <line num="89" type="method" name="isReadableDir" visibility="protected" complexity="2" crap="2"
                      count="11"/>
                <line num="91" type="stmt" count="11"/>
                <line num="94" type="method" name="isReadableFile" visibility="protected" complexity="2" crap="2"
                      count="11"/>
                <line num="96" type="stmt" count="11"/>
                <metrics loc="97" ncloc="74" classes="1" methods="5" coveredmethods="3" conditionals="0"
                         coveredconditionals="0" statements="29" coveredstatements="24" elements="34"
                         coveredelements="27"/>
            </file>
            <file name="/home/george/www/data-structure/src/PropertiesTransformer.php">
                <class name="PropertiesTransformer" namespace="NewInventor\DataStructure">
                    <metrics complexity="23" methods="8" coveredmethods="6" conditionals="0" coveredconditionals="0"
                             statements="50" coveredstatements="48" elements="58" coveredelements="54"/>
                </class>
                <line num="32" type="method" name="__construct" visibility="public" complexity="1" crap="1" count="13"/>
                <line num="34" type="stmt" count="13"/>
                <line num="35" type="stmt" count="13"/>
                <line num="37" type="method" name="setTransformer" visibility="public" complexity="1" crap="1"
                      count="10"/>
                <line num="39" type="stmt" count="10"/>
                <line num="41" type="stmt" count="10"/>
                <line num="44" type="method" name="setTransformers" visibility="public" complexity="2" crap="2"
                      count="1"/>
                <line num="46" type="stmt" count="1"/>
                <line num="47" type="stmt" count="1"/>
                <line num="50" type="stmt" count="1"/>
                <line num="53" type="method" name="getTransformers" visibility="public" complexity="1" crap="2"
                      count="0"/>
                <line num="55" type="stmt" count="0"/>
                <line num="58" type="method" name="getTransformer" visibility="public" complexity="2" crap="2"
                      count="3"/>
                <line num="60" type="stmt" count="3"/>
                <line num="66" type="method" name="getErrors" visibility="public" complexity="1" crap="1" count="10"/>
                <line num="68" type="stmt" count="10"/>
                <line num="78" type="method" name="transform" visibility="public" complexity="7" crap="7" count="12"/>
                <line num="80" type="stmt" count="12"/>
                <line num="81" type="stmt" count="12"/>
                <line num="82" type="stmt" count="12"/>
                <line num="85" type="stmt" count="12"/>
                <line num="86" type="stmt" count="12"/>
                <line num="88" type="stmt" count="12"/>
                <line num="90" type="stmt" count="9"/>
                <line num="92" type="stmt" count="5"/>
                <line num="93" type="stmt" count="4"/>
                <line num="94" type="stmt" count="4"/>
                <line num="95" type="stmt" count="3"/>
                <line num="96" type="stmt" count="1"/>
                <line num="97" type="stmt" count="1"/>
                <line num="98" type="stmt" count="2"/>
                <line num="99" type="stmt" count="2"/>
                <line num="100" type="stmt" count="12"/>
                <line num="104" type="stmt" count="12"/>
                <line num="107" type="method" name="exceptionToArray" visibility="protected" complexity="8" crap="8"
                      count="5"/>
                <line num="109" type="stmt" count="5"/>
                <line num="111" type="stmt" count="4"/>
                <line num="113" type="stmt" count="3"/>
                <line num="115" type="stmt" count="2"/>
                <line num="117" type="stmt" count="2"/>
                <line num="119" type="stmt" count="2"/>
                <line num="120" type="stmt" count="2"/>
                <line num="121" type="stmt" count="2"/>
                <line num="122" type="stmt" count="2"/>
                <line num="123" type="stmt" count="2"/>
                <line num="125" type="stmt" count="2"/>
                <line num="127" type="stmt" count="2"/>
                <line num="128" type="stmt" count="2"/>
                <line num="129" type="stmt" count="2"/>
                <line num="131" type="stmt" count="2"/>
                <line num="135" type="stmt" count="2"/>
                <line num="136" type="stmt" count="2"/>
                <line num="137" type="stmt" count="2"/>
                <line num="138" type="stmt" count="2"/>
                <line num="139" type="stmt" count="2"/>
                <line num="142" type="stmt" count="2"/>
                <line num="145" type="stmt" count="2"/>
                <line num="148" type="stmt" count="0"/>
                <metrics loc="149" ncloc="123" classes="1" methods="8" coveredmethods="6" conditionals="0"
                         coveredconditionals="0" statements="50" coveredstatements="48" elements="58"
                         coveredelements="54"/>
            </file>
        </package>
        <package name="NewInventor\DataStructure\Configuration">
            <file name="/home/george/www/data-structure/src/Configuration/Configuration.php">
                <class name="Configuration" namespace="NewInventor\DataStructure\Configuration">
                    <metrics complexity="77" methods="34" coveredmethods="27" conditionals="0" coveredconditionals="0"
                             statements="193" coveredstatements="166" elements="227" coveredelements="193"/>
                </class>
                <line num="28" type="method" name="getConfigTreeBuilder" visibility="public" complexity="1" crap="1"
                      count="11"/>
                <line num="30" type="stmt" count="11"/>
                <line num="32" type="stmt" count="11"/>
                <line num="33" type="stmt" count="11"/>
                <line num="34" type="stmt" count="11"/>
                <line num="35" type="stmt" count="11"/>
                <line num="37" type="stmt" count="11"/>
                <line num="43" type="method" name="getNamespaceNode" visibility="protected" complexity="1" crap="1"
                      count="11"/>
                <line num="45" type="stmt" count="11"/>
                <line num="48" type="method" name="getValidationNode" visibility="protected" complexity="1" crap="1"
                      count="11"/>
                <line num="50" type="stmt" count="11"/>
                <line num="51" type="stmt" count="11"/>
                <line num="52" type="stmt" count="11"/>
                <line num="53" type="stmt" count="11"/>
                <line num="54" type="stmt" count="11"/>
                <line num="55" type="stmt" count="11"/>
                <line num="62" type="method" name="getPropertiesNode" visibility="protected" complexity="1" crap="1"
                      count="11"/>
                <line num="64" type="stmt" count="11"/>
                <line num="65" type="stmt" count="11"/>
                <line num="68" type="stmt" count="11"/>
                <line num="69" type="stmt" count="11"/>
                <line num="70" type="stmt" count="11"/>
                <line num="71" type="stmt" count="11"/>
                <line num="72" type="stmt" count="11"/>
                <line num="73" type="method" name="anonymousFunction:73#402" complexity="1" crap="1" count="11"/>
                <line num="74" type="stmt" count="4"/>
                <line num="75" type="stmt" count="11"/>
                <line num="77" type="stmt" count="11"/>
                <line num="78" type="stmt" count="11"/>
                <line num="79" type="stmt" count="11"/>
                <line num="80" type="stmt" count="11"/>
                <line num="81" type="stmt" count="11"/>
                <line num="82" type="stmt" count="11"/>
                <line num="83" type="stmt" count="11"/>
                <line num="86" type="method" name="getDefaultNode" visibility="protected" complexity="1" crap="1"
                      count="11"/>
                <line num="88" type="stmt" count="11"/>
                <line num="89" type="stmt" count="11"/>
                <line num="90" type="stmt" count="11"/>
                <line num="91" type="stmt" count="11"/>
                <line num="92" type="stmt" count="11"/>
                <line num="93" type="stmt" count="11"/>
                <line num="94" type="stmt" count="11"/>
                <line num="97" type="method" name="getNestedNode" visibility="protected" complexity="1" crap="1"
                      count="11"/>
                <line num="99" type="stmt" count="11"/>
                <line num="100" type="stmt" count="11"/>
                <line num="101" type="stmt" count="11"/>
                <line num="102" type="stmt" count="11"/>
                <line num="103" type="method" name="anonymousFunction:103#599" complexity="1" crap="1.12" count="11"/>
                <line num="104" type="stmt" count="0"/>
                <line num="105" type="stmt" count="11"/>
                <line num="107" type="stmt" count="11"/>
                <line num="108" type="stmt" count="11"/>
                <line num="109" type="stmt" count="11"/>
                <line num="110" type="stmt" count="11"/>
                <line num="111" type="stmt" count="11"/>
                <line num="114" type="method" name="getTransformersNode" visibility="protected" complexity="1" crap="1"
                      count="11"/>
                <line num="116" type="stmt" count="11"/>
                <line num="117" type="stmt" count="11"/>
                <line num="120" type="stmt" count="11"/>
                <line num="121" type="stmt" count="11"/>
                <line num="122" type="stmt" count="11"/>
                <line num="123" type="method" name="anonymousFunction:123#717" complexity="1" crap="1" count="11"/>
                <line num="124" type="stmt" count="4"/>
                <line num="125" type="stmt" count="11"/>
                <line num="127" type="stmt" count="11"/>
                <line num="128" type="stmt" count="11"/>
                <line num="129" type="stmt" count="11"/>
                <line num="130" type="stmt" count="11"/>
                <line num="131" type="stmt" count="11"/>
                <line num="132" type="stmt" count="11"/>
                <line num="133" type="stmt" count="11"/>
                <line num="134" type="stmt" count="11"/>
                <line num="135" type="stmt" count="11"/>
                <line num="136" type="stmt" count="11"/>
                <line num="137" type="stmt" count="11"/>
                <line num="138" type="stmt" count="11"/>
                <line num="139" type="stmt" count="11"/>
                <line num="140" type="stmt" count="11"/>
                <line num="141" type="stmt" count="11"/>
                <line num="142" type="stmt" count="11"/>
                <line num="143" type="stmt" count="11"/>
                <line num="144" type="stmt" count="11"/>
                <line num="145" type="stmt" count="11"/>
                <line num="146" type="stmt" count="11"/>
                <line num="147" type="stmt" count="11"/>
                <line num="148" type="stmt" count="11"/>
                <line num="149" type="stmt" count="11"/>
                <line num="150" type="stmt" count="11"/>
                <line num="152" type="stmt" count="11"/>
                <line num="155" type="method" name="normalizeDefault" visibility="protected" complexity="12"
                      crap="85.73" count="4"/>
                <line num="157" type="stmt" count="4"/>
                <line num="158" type="stmt" count="0"/>
                <line num="160" type="stmt" count="4"/>
                <line num="161" type="stmt" count="0"/>
                <line num="163" type="stmt" count="4"/>
                <line num="164" type="stmt" count="4"/>
                <line num="166" type="stmt" count="0"/>
                <line num="167" type="stmt" count="0"/>
                <line num="168" type="stmt" count="0"/>
                <line num="171" type="stmt" count="0"/>
                <line num="172" type="stmt" count="0"/>
                <line num="173" type="stmt" count="0"/>
                <line num="174" type="stmt" count="0"/>
                <line num="176" type="stmt" count="0"/>
                <line num="178" type="stmt" count="0"/>
                <line num="179" type="stmt" count="0"/>
                <line num="182" type="stmt" count="0"/>
                <line num="183" type="stmt" count="0"/>
                <line num="185" type="stmt" count="0"/>
                <line num="190" type="stmt" count="0"/>
                <line num="193" type="method" name="checkCustomParameters" visibility="protected" complexity="11"
                      crap="11.04" count="11"/>
                <line num="195" type="stmt" count="11"/>
                <line num="196" type="stmt" count="11"/>
                <line num="198" type="stmt" count="11"/>
                <line num="199" type="stmt" count="0"/>
                <line num="201" type="stmt" count="11"/>
                <line num="202" type="stmt" count="4"/>
                <line num="204" type="stmt" count="11"/>
                <line num="205" type="stmt" count="11"/>
                <line num="206" type="stmt" count="9"/>
                <line num="208" type="stmt" count="11"/>
                <line num="210" type="stmt" count="11"/>
                <line num="211" type="stmt" count="11"/>
                <line num="212" type="stmt" count="11"/>
                <line num="214" type="stmt" count="11"/>
                <line num="219" type="stmt" count="7"/>
                <line num="222" type="method" name="normalizeCustomParameters" visibility="protected" complexity="15"
                      crap="15.59" count="11"/>
                <line num="224" type="stmt" count="11"/>
                <line num="225" type="stmt" count="11"/>
                <line num="227" type="stmt" count="9"/>
                <line num="228" type="stmt" count="0"/>
                <line num="230" type="stmt" count="9"/>
                <line num="231" type="stmt" count="0"/>
                <line num="233" type="stmt" count="9"/>
                <line num="234" type="stmt" count="9"/>
                <line num="235" type="stmt" count="9"/>
                <line num="236" type="stmt" count="9"/>
                <line num="237" type="stmt" count="9"/>
                <line num="239" type="stmt" count="9"/>
                <line num="240" type="stmt" count="9"/>
                <line num="241" type="stmt" count="4"/>
                <line num="242" type="stmt" count="4"/>
                <line num="243" type="stmt" count="9"/>
                <line num="244" type="stmt" count="4"/>
                <line num="245" type="stmt" count="4"/>
                <line num="246" type="stmt" count="9"/>
                <line num="247" type="stmt" count="9"/>
                <line num="248" type="stmt" count="9"/>
                <line num="249" type="stmt" count="0"/>
                <line num="250" type="stmt" count="9"/>
                <line num="251" type="stmt" count="9"/>
                <line num="252" type="stmt" count="0"/>
                <line num="253" type="stmt" count="9"/>
                <line num="258" type="stmt" count="9"/>
                <line num="259" type="stmt" count="9"/>
                <line num="262" type="stmt" count="9"/>
                <line num="265" type="method" name="getPropertyValidationNode" visibility="protected" complexity="1"
                      crap="1" count="11"/>
                <line num="267" type="stmt" count="11"/>
                <line num="270" type="method" name="evaluateInnerTransformer" visibility="protected" complexity="1"
                      crap="1" count="9"/>
                <line num="272" type="stmt" count="9"/>
                <line num="273" type="stmt" count="9"/>
                <line num="276" type="stmt" count="9"/>
                <line num="277" type="stmt" count="9"/>
                <line num="278" type="stmt" count="9"/>
                <line num="279" type="stmt" count="9"/>
                <line num="280" type="stmt" count="9"/>
                <line num="281" type="stmt" count="9"/>
                <line num="282" type="stmt" count="9"/>
                <line num="283" type="stmt" count="9"/>
                <line num="284" type="stmt" count="9"/>
                <line num="285" type="stmt" count="9"/>
                <line num="286" type="stmt" count="9"/>
                <line num="287" type="stmt" count="9"/>
                <line num="288" type="stmt" count="9"/>
                <line num="289" type="stmt" count="9"/>
                <line num="290" type="stmt" count="9"/>
                <line num="291" type="stmt" count="9"/>
                <line num="292" type="stmt" count="9"/>
                <line num="293" type="stmt" count="9"/>
                <line num="294" type="stmt" count="9"/>
                <line num="295" type="stmt" count="9"/>
                <line num="296" type="stmt" count="9"/>
                <line num="297" type="stmt" count="9"/>
                <line num="298" type="stmt" count="9"/>
                <line num="299" type="stmt" count="9"/>
                <line num="301" type="stmt" count="9"/>
                <line num="304" type="method" name="makeTransformer" visibility="protected" complexity="1" crap="1"
                      count="10"/>
                <line num="306" type="stmt" count="10"/>
                <line num="307" type="stmt" count="10"/>
                <line num="310" type="stmt" count="10"/>
                <line num="311" type="stmt" count="10"/>
                <line num="312" type="method" name="anonymousFunction:312#2203" complexity="1" crap="1" count="10"/>
                <line num="313" type="stmt" count="10"/>
                <line num="314" type="stmt" count="10"/>
                <line num="316" type="stmt" count="10"/>
                <line num="317" type="method" name="anonymousFunction:317#2234" complexity="1" crap="1.12" count="10"/>
                <line num="318" type="stmt" count="0"/>
                <line num="319" type="stmt" count="10"/>
                <line num="321" type="stmt" count="10"/>
                <line num="322" type="stmt" count="10"/>
                <line num="323" type="stmt" count="10"/>
                <line num="324" type="method" name="anonymousFunction:324#2287" complexity="1" crap="1" count="10"/>
                <line num="325" type="stmt" count="10"/>
                <line num="326" type="stmt" count="10"/>
                <line num="328" type="stmt" count="10"/>
                <line num="329" type="method" name="anonymousFunction:329#2317" complexity="1" crap="1.30" count="10"/>
                <line num="330" type="stmt" count="0"/>
                <line num="331" type="stmt" count="0"/>
                <line num="332" type="stmt" count="10"/>
                <line num="334" type="stmt" count="10"/>
                <line num="335" type="stmt" count="10"/>
                <line num="336" type="stmt" count="10"/>
                <line num="337" type="stmt" count="10"/>
                <line num="338" type="stmt" count="10"/>
                <line num="339" type="stmt" count="10"/>
                <line num="340" type="stmt" count="10"/>
                <line num="341" type="stmt" count="10"/>
                <line num="343" type="stmt" count="10"/>
                <line num="346" type="method" name="makeInnerTransformer" visibility="protected" complexity="1" crap="1"
                      count="9"/>
                <line num="348" type="stmt" count="9"/>
                <line num="349" type="stmt" count="9"/>
                <line num="352" type="stmt" count="9"/>
                <line num="353" type="stmt" count="9"/>
                <line num="354" type="method" name="anonymousFunction:354#2475" complexity="1" crap="1" count="9"/>
                <line num="355" type="stmt" count="9"/>
                <line num="356" type="stmt" count="9"/>
                <line num="358" type="stmt" count="9"/>
                <line num="359" type="method" name="anonymousFunction:359#2506" complexity="1" crap="1" count="9"/>
                <line num="360" type="stmt" count="9"/>
                <line num="361" type="stmt" count="9"/>
                <line num="363" type="stmt" count="9"/>
                <line num="364" type="stmt" count="9"/>
                <line num="365" type="stmt" count="9"/>
                <line num="366" type="method" name="anonymousFunction:366#2550" complexity="1" crap="1" count="9"/>
                <line num="367" type="stmt" count="9"/>
                <line num="368" type="stmt" count="9"/>
                <line num="370" type="stmt" count="9"/>
                <line num="371" type="method" name="anonymousFunction:371#2580" complexity="1" crap="1" count="9"/>
                <line num="372" type="stmt" count="1"/>
                <line num="373" type="stmt" count="1"/>
                <line num="374" type="stmt" count="9"/>
                <line num="376" type="stmt" count="9"/>
                <line num="377" type="stmt" count="9"/>
                <line num="378" type="stmt" count="9"/>
                <line num="379" type="stmt" count="9"/>
                <line num="380" type="stmt" count="9"/>
                <line num="381" type="stmt" count="9"/>
                <line num="382" type="stmt" count="9"/>
                <line num="383" type="stmt" count="9"/>
                <line num="385" type="stmt" count="9"/>
                <line num="388" type="method" name="classNotExists" visibility="public" complexity="2" crap="2"
                      count="11"/>
                <line num="390" type="stmt" count="11"/>
                <line num="391" type="stmt" count="11"/>
                <line num="392" type="stmt" count="3"/>
                <line num="394" type="stmt" count="11"/>
                <line num="397" type="method" name="prepareShortcutTransformer" visibility="public" complexity="2"
                      crap="2" count="11"/>
                <line num="399" type="stmt" count="11"/>
                <line num="400" type="stmt" count="11"/>
                <line num="401" type="stmt" count="11"/>
                <line num="402" type="stmt" count="1"/>
                <line num="404" type="stmt" count="10"/>
                <line num="405" type="stmt" count="10"/>
                <line num="407" type="stmt" count="10"/>
                <line num="410" type="method" name="classExists" visibility="public" complexity="2" crap="2"
                      count="10"/>
                <line num="412" type="stmt" count="10"/>
                <line num="413" type="stmt" count="10"/>
                <line num="414" type="stmt" count="3"/>
                <line num="416" type="stmt" count="10"/>
                <line num="419" type="method" name="checkImplementation" visibility="public" complexity="3" crap="3.33"
                      count="10"/>
                <line num="420" type="stmt" count="10"/>
                <line num="422" type="stmt" count="10"/>
                <line num="423" type="stmt" count="10"/>
                <line num="425" type="stmt" count="0"/>
                <line num="426" type="stmt" count="0"/>
                <line num="429" type="stmt" count="10"/>
                <line num="432" type="method" name="isTransformerContainer" visibility="public" complexity="2" crap="2"
                      count="10"/>
                <line num="434" type="stmt" count="10"/>
                <line num="435" type="stmt" count="10"/>
                <line num="436" type="stmt" count="3"/>
                <line num="438" type="stmt" count="10"/>
                <line num="441" type="method" name="getContainerNode" visibility="public" complexity="1" crap="1"
                      count="9"/>
                <line num="443" type="stmt" count="9"/>
                <line num="446" type="method" name="isTransformer" visibility="public" complexity="3" crap="3"
                      count="10"/>
                <line num="448" type="stmt" count="10"/>
                <line num="449" type="stmt" count="10"/>
                <line num="450" type="stmt" count="3"/>
                <line num="452" type="stmt" count="10"/>
                <line num="453" type="stmt" count="10"/>
                <line num="456" type="method" name="getTransformerNode" visibility="public" complexity="1" crap="1"
                      count="10"/>
                <line num="458" type="stmt" count="10"/>
                <line num="461" type="method" name="getInnerTransformerNode" visibility="public" complexity="1" crap="1"
                      count="9"/>
                <line num="463" type="stmt" count="9"/>
                <metrics loc="464" ncloc="447" classes="1" methods="34" coveredmethods="27" conditionals="0"
                         coveredconditionals="0" statements="258" coveredstatements="231" elements="292"
                         coveredelements="258"/>
            </file>
        </package>
        <file name="/home/george/www/data-structure/src/Configuration/Parser/ParserInterface.php">
            <metrics loc="19" ncloc="8" classes="0" methods="0" coveredmethods="0" conditionals="0"
                     coveredconditionals="0" statements="0" coveredstatements="0" elements="0" coveredelements="0"/>
        </file>
        <package name="NewInventor\DataStructure\Configuration\Parser">
            <file name="/home/george/www/data-structure/src/Configuration/Parser/Yaml.php">
                <class name="Yaml" namespace="NewInventor\DataStructure\Configuration\Parser">
                    <metrics complexity="3" methods="3" coveredmethods="3" conditionals="0" coveredconditionals="0"
                             statements="6" coveredstatements="6" elements="9" coveredelements="9"/>
                </class>
                <line num="25" type="method" name="__construct" visibility="public" complexity="1" crap="1" count="11"/>
                <line num="27" type="stmt" count="11"/>
                <line num="28" type="stmt" count="11"/>
                <line num="36" type="method" name="parse" visibility="public" complexity="1" crap="1" count="11"/>
                <line num="38" type="stmt" count="11"/>
                <line num="39" type="stmt" count="11"/>
                <line num="41" type="stmt" count="11"/>
                <line num="50" type="method" name="readConfigFileToArray" visibility="protected" complexity="1" crap="1"
                      count="11"/>
                <line num="52" type="stmt" count="11"/>
                <metrics loc="53" ncloc="30" classes="1" methods="3" coveredmethods="3" conditionals="0"
                         coveredconditionals="0" statements="6" coveredstatements="6" elements="9" coveredelements="9"/>
            </file>
        </package>
    <file name="/home/george/www/data-structure/src/DataStructureInterface.php">
        <metrics loc="26" ncloc="10" classes="0" methods="0" coveredmethods="0" conditionals="0" coveredconditionals="0"
                 statements="0" coveredstatements="0" elements="0" coveredelements="0"/>
    </file>
    <package name="NewInventor\DataStructure\Exception">
        <file name="/home/george/www/data-structure/src/Exception/LoadingNestedException.php">
            <class name="LoadingNestedException" namespace="NewInventor\DataStructure\Exception">
                <metrics complexity="0" methods="0" coveredmethods="0" conditionals="0" coveredconditionals="0"
                         statements="0" coveredstatements="0" elements="0" coveredelements="0"/>
            </class>
            <metrics loc="12" ncloc="7" classes="0" methods="0" coveredmethods="0" conditionals="0"
                     coveredconditionals="0" statements="0" coveredstatements="0" elements="0" coveredelements="0"/>
        </file>
      <file name="/home/george/www/data-structure/src/Exception/PropertyException.php">
        <class name="PropertyException" namespace="NewInventor\DataStructure\Exception">
            <metrics complexity="3" methods="3" coveredmethods="0" conditionals="0" coveredconditionals="0"
                     statements="11" coveredstatements="0" elements="14" coveredelements="0"/>
        </class>
          <line num="25" type="method" name="__construct" visibility="public" complexity="1" crap="2" count="0"/>
          <line num="26" type="stmt" count="0"/>
          <line num="27" type="stmt" count="0"/>
          <line num="28" type="stmt" count="0"/>
          <line num="29" type="stmt" count="0"/>
          <line num="30" type="stmt" count="0"/>
        <line num="35" type="method" name="getSymbolCode" visibility="public" complexity="1" crap="2" count="0"/>
          <line num="36" type="stmt" count="0"/>
        <line num="37" type="stmt" count="0"/>
          <line num="38" type="stmt" count="0"/>
        <line num="40" type="method" name="getPropertyName" visibility="public" complexity="1" crap="2" count="0"/>
          <line num="41" type="stmt" count="0"/>
        <line num="42" type="stmt" count="0"/>
          <line num="43" type="stmt" count="0"/>
          <metrics loc="43" ncloc="26" classes="1" methods="3" coveredmethods="0" conditionals="0"
                   coveredconditionals="0" statements="11" coveredstatements="0" elements="14" coveredelements="0"/>
      </file>
      <file name="/home/george/www/data-structure/src/Exception/PropertyInvalidTypeException.php">
        <class name="PropertyInvalidTypeException" namespace="NewInventor\DataStructure\Exception">
            <metrics complexity="1" methods="1" coveredmethods="0" conditionals="0" coveredconditionals="0"
                     statements="3" coveredstatements="0" elements="4" coveredelements="0"/>
        </class>
          <line num="21" type="method" name="__construct" visibility="public" complexity="1" crap="2" count="0"/>
          <line num="22" type="stmt" count="0"/>
          <line num="23" type="stmt" count="0"/>
          <line num="24" type="stmt" count="0"/>
          <metrics loc="24" ncloc="13" classes="1" methods="1" coveredmethods="0" conditionals="0"
                   coveredconditionals="0" statements="3" coveredstatements="0" elements="4" coveredelements="0"/>
      </file>
      <file name="/home/george/www/data-structure/src/Exception/PropertyNotFoundException.php">
        <class name="PropertyNotFoundException" namespace="NewInventor\DataStructure\Exception">
          <metrics complexity="1" methods="1" coveredmethods="0" conditionals="0" coveredconditionals="0" statements="3" coveredstatements="0" elements="4" coveredelements="0"/>
        </class>
        <line num="21" type="method" name="__construct" visibility="public" complexity="1" crap="2" count="0"/>
        <line num="22" type="stmt" count="0"/>
        <line num="23" type="stmt" count="0"/>
        <line num="24" type="stmt" count="0"/>
        <metrics loc="24" ncloc="12" classes="1" methods="1" coveredmethods="0" conditionals="0" coveredconditionals="0" statements="3" coveredstatements="0" elements="4" coveredelements="0"/>
      </file>
      <file name="/home/george/www/data-structure/src/Exception/PropertyTransformationException.php">
        <class name="PropertyTransformationException" namespace="NewInventor\DataStructure\Exception">
            <metrics complexity="1" methods="1" coveredmethods="0" conditionals="0" coveredconditionals="0"
                     statements="3" coveredstatements="0" elements="4" coveredelements="0"/>
        </class>
          <line num="21" type="method" name="__construct" visibility="public" complexity="1" crap="2" count="0"/>
          <line num="22" type="stmt" count="0"/>
          <line num="23" type="stmt" count="0"/>
          <line num="24" type="stmt" count="0"/>
          <metrics loc="24" ncloc="13" classes="1" methods="1" coveredmethods="0" conditionals="0"
                   coveredconditionals="0" statements="3" coveredstatements="0" elements="4" coveredelements="0"/>
      </file>
    </package>
        <package name="NewInventor\DataStructure\Helper">
            <file name="/home/george/www/data-structure/src/Helper/ObjectHelper.php">
                <class name="ObjectHelper" namespace="NewInventor\DataStructure\Helper">
                    <metrics complexity="7" methods="6" coveredmethods="5" conditionals="0" coveredconditionals="0"
                             statements="8" coveredstatements="7" elements="14" coveredelements="12"/>
                </class>
                <line num="13" type="method" name="__construct" visibility="protected" complexity="1" crap="1"
                      count="1"/>
                <line num="16" type="stmt" count="1"/>
                <line num="18" type="method" name="make" visibility="public" complexity="2" crap="2" count="11"/>
                <line num="20" type="stmt" count="11"/>
                <line num="21" type="stmt" count="1"/>
                <line num="24" type="stmt" count="11"/>
                <line num="27" type="method" name="getFilePathForClass" visibility="public" complexity="1" crap="1"
                      count="11"/>
                <line num="32" type="stmt" count="11"/>
                <line num="35" type="method" name="truncateBaseNamespace" visibility="public" complexity="1" crap="1"
                      count="11"/>
                <line num="37" type="stmt" count="11"/>
                <line num="40" type="method" name="replaceNamespaceDelimiter" visibility="public" complexity="1"
                      crap="1" count="11"/>
                <line num="42" type="stmt" count="11"/>
                <line num="45" type="method" name="normalizeNamespace" visibility="public" complexity="1" crap="2"
                      count="0"/>
                <line num="47" type="stmt" count="0"/>
                <metrics loc="48" ncloc="43" classes="1" methods="6" coveredmethods="5" conditionals="0"
                         coveredconditionals="0" statements="8" coveredstatements="7" elements="14"
                         coveredelements="12"/>
            </file>
        </package>
        <package name="NewInventor\DataStructure\Loader">
            <file name="/home/george/www/data-structure/src/Loader/ObjectLoader.php">
                <class name="ObjectLoader" namespace="NewInventor\DataStructure\Loader">
                    <metrics complexity="4" methods="2" coveredmethods="1" conditionals="0" coveredconditionals="0"
                             statements="13" coveredstatements="12" elements="15" coveredelements="13"/>
                </class>
                <line num="34" type="method" name="__construct" visibility="public" complexity="1" crap="1" count="2"/>
                <line num="38" type="stmt" count="2"/>
                <line num="39" type="stmt" count="2"/>
                <line num="40" type="stmt" count="2"/>
                <line num="56" type="method" name="load" visibility="public" complexity="3" crap="3.01" count="2"/>
                <line num="58" type="stmt" count="2"/>
                <line num="59" type="stmt" count="2"/>
                <line num="60" type="stmt" count="2"/>
                <line num="61" type="stmt" count="2"/>
                <line num="62" type="stmt" count="2"/>
                <line num="63" type="stmt" count="0"/>
                <line num="65" type="stmt" count="2"/>
                <line num="66" type="stmt" count="2"/>
                <line num="67" type="stmt" count="2"/>
                <line num="70" type="stmt" count="2"/>
                <metrics loc="71" ncloc="43" classes="1" methods="2" coveredmethods="1" conditionals="0"
                         coveredconditionals="0" statements="13" coveredstatements="12" elements="15"
                         coveredelements="13"/>
            </file>
            <file name="/home/george/www/data-structure/src/Loader/RecursiveObjectLoader.php">
                <class name="RecursiveObjectLoader" namespace="NewInventor\DataStructure\Loader">
                    <metrics complexity="18" methods="5" coveredmethods="2" conditionals="0" coveredconditionals="0"
                             statements="51" coveredstatements="47" elements="56" coveredelements="49"/>
                </class>
                <line num="35" type="method" name="__construct" visibility="public" complexity="1" crap="1" count="5"/>
                <line num="39" type="stmt" count="5"/>
                <line num="40" type="stmt" count="5"/>
                <line num="41" type="stmt" count="5"/>
                <line num="58" type="method" name="load" visibility="public" complexity="4" crap="4.01" count="5"/>
                <line num="60" type="stmt" count="5"/>
                <line num="62" type="stmt" count="5"/>
                <line num="63" type="stmt" count="5"/>
                <line num="64" type="stmt" count="5"/>
                <line num="65" type="stmt" count="0"/>
                <line num="67" type="stmt" count="5"/>
                <line num="68" type="stmt" count="5"/>
                <line num="69" type="stmt" count="5"/>
                <line num="70" type="stmt" count="5"/>
                <line num="72" type="stmt" count="5"/>
                <line num="73" type="stmt" count="5"/>
                <line num="76" type="stmt" count="5"/>
                <line num="94" type="method" name="loadNested" visibility="protected" complexity="9" crap="9.04"
                      count="5"/>
                <line num="96" type="stmt" count="5"/>
                <line num="97" type="stmt" count="5"/>
                <line num="98" type="stmt" count="5"/>
                <line num="99" type="stmt" count="1"/>
                <line num="101" type="stmt" count="4"/>
                <line num="102" type="stmt" count="2"/>
                <line num="103" type="stmt" count="2"/>
                <line num="104" type="stmt" count="1"/>
                <line num="105" type="stmt" count="1"/>
                <line num="107" type="stmt" count="2"/>
                <line num="108" type="stmt" count="2"/>
                <line num="109" type="stmt" count="2"/>
                <line num="111" type="stmt" count="2"/>
                <line num="112" type="stmt" count="2"/>
                <line num="113" type="stmt" count="2"/>
                <line num="116" type="stmt" count="2"/>
                <line num="118" type="stmt" count="2"/>
                <line num="119" type="stmt" count="0"/>
                <line num="120" type="stmt" count="0"/>
                <line num="122" type="stmt" count="2"/>
                <line num="123" type="stmt" count="2"/>
                <line num="124" type="stmt" count="2"/>
                <line num="126" type="stmt" count="2"/>
                <line num="127" type="stmt" count="2"/>
                <line num="128" type="stmt" count="2"/>
                <line num="132" type="stmt" count="5"/>
                <line num="135" type="method" name="getNestedException" visibility="protected" complexity="2" crap="2"
                      count="4"/>
                <line num="137" type="stmt" count="4"/>
                <line num="138" type="stmt" count="4"/>
                <line num="139" type="stmt" count="4"/>
                <line num="157" type="method" name="loadConcreteNested" visibility="protected" complexity="2"
                      crap="2.01" count="4"/>
                <line num="159" type="stmt" count="4"/>
                <line num="160" type="stmt" count="0"/>
                <line num="162" type="stmt" count="4"/>
                <line num="164" type="stmt" count="4"/>
                <line num="165" type="stmt" count="4"/>
                <line num="166" type="stmt" count="4"/>
                <line num="168" type="stmt" count="4"/>
                <metrics loc="169" ncloc="110" classes="1" methods="5" coveredmethods="2" conditionals="0"
                         coveredconditionals="0" statements="51" coveredstatements="47" elements="56"
                         coveredelements="49"/>
            </file>
        </package>
    <package name="NewInventor\DataStructure\Metadata">
        <file name="/home/george/www/data-structure/src/Metadata/Factory.php">
            <class name="Factory" namespace="NewInventor\DataStructure\Metadata">
                <metrics complexity="6" methods="3" coveredmethods="1" conditionals="0" coveredconditionals="0"
                         statements="16" coveredstatements="8" elements="19" coveredelements="9"/>
            </class>
            <line num="27" type="method" name="__construct" visibility="public" complexity="1" crap="1" count="7"/>
            <line num="31" type="stmt" count="7"/>
            <line num="32" type="stmt" count="7"/>
            <line num="33" type="stmt" count="7"/>
            <line num="44" type="method" name="getMetadataFor" visibility="public" complexity="4" crap="7.18"
                  count="7"/>
            <line num="46" type="stmt" count="7"/>
            <line num="47" type="stmt" count="7"/>
            <line num="49" type="stmt" count="7"/>
            <line num="50" type="stmt" count="0"/>
            <line num="51" type="stmt" count="0"/>
            <line num="52" type="stmt" count="0"/>
            <line num="53" type="stmt" count="0"/>
            <line num="54" type="stmt" count="0"/>
            <line num="55" type="stmt" count="0"/>
            <line num="58" type="stmt" count="0"/>
            <line num="60" type="stmt" count="7"/>
            <line num="62" type="stmt" count="7"/>
            <line num="65" type="method" name="getCacheKey" visibility="protected" complexity="1" crap="2" count="0"/>
            <line num="67" type="stmt" count="0"/>
            <metrics loc="68" ncloc="46" classes="1" methods="3" coveredmethods="1" conditionals="0"
                     coveredconditionals="0" statements="16" coveredstatements="8" elements="19" coveredelements="9"/>
        </file>
      <file name="/home/george/www/data-structure/src/Metadata/Loader.php">
        <class name="Loader" namespace="NewInventor\DataStructure\Metadata">
            <metrics complexity="32" methods="11" coveredmethods="10" conditionals="0" coveredconditionals="0"
                     statements="55" coveredstatements="54" elements="66" coveredelements="64"/>
        </class>
          <line num="34" type="method" name="__construct" visibility="public" complexity="1" crap="1" count="10"/>
          <line num="36" type="stmt" count="10"/>
          <line num="37" type="stmt" count="10"/>
          <line num="38" type="stmt" count="10"/>
          <line num="45" type="method" name="getMetadataClassName" visibility="protected" complexity="1" crap="1"
                count="10"/>
          <line num="47" type="stmt" count="10"/>
          <line num="54" type="method" name="loadData" visibility="public" complexity="4" crap="4" count="9"/>
          <line num="57" type="stmt" count="9"/>
          <line num="58" type="stmt" count="9"/>
          <line num="59" type="stmt" count="9"/>
          <line num="61" type="stmt" count="9"/>
          <line num="63" type="stmt" count="9"/>
          <line num="65" type="method" name="parseProperties" visibility="protected" complexity="2" crap="2" count="9"/>
          <line num="67" type="stmt" count="9"/>
          <line num="68" type="stmt" count="9"/>
          <line num="70" type="stmt" count="9"/>
          <line num="72" type="method" name="prepareProperty" visibility="protected" complexity="4" crap="4" count="9"/>
          <line num="74" type="stmt" count="9"/>
          <line num="75" type="stmt" count="9"/>
          <line num="76" type="stmt" count="6"/>
          <line num="79" type="stmt" count="9"/>
          <line num="80" type="stmt" count="9"/>
          <line num="81" type="stmt" count="9"/>
          <line num="82" type="stmt" count="9"/>
          <line num="83" type="stmt" count="9"/>
          <line num="85" type="stmt" count="7"/>
          <line num="87" type="stmt" count="9"/>
          <line num="88" type="stmt" count="9"/>
          <line num="90" type="stmt" count="9"/>
          <line num="92" type="method" name="getPropertiesTransformer" visibility="protected" complexity="2" crap="2"
                count="9"/>
          <line num="94" type="stmt" count="9"/>
          <line num="95" type="stmt" count="9"/>
          <line num="97" type="stmt" count="9"/>
          <line num="100" type="method" name="prepareTransformersList" visibility="protected" complexity="4" crap="4"
                count="9"/>
          <line num="102" type="stmt" count="9"/>
          <line num="103" type="stmt" count="9"/>
          <line num="104" type="stmt" count="9"/>
          <line num="105" type="stmt" count="9"/>
          <line num="106" type="stmt" count="9"/>
          <line num="107" type="stmt" count="9"/>
          <line num="108" type="stmt" count="9"/>
          <line num="109" type="stmt" count="9"/>
          <line num="110" type="stmt" count="9"/>
          <line num="111" type="stmt" count="9"/>
          <line num="114" type="stmt" count="9"/>
          <line num="118" type="stmt" count="9"/>
          <line num="127" type="method" name="prepareTransformer" visibility="protected" complexity="4" crap="4"
                count="9"/>
          <line num="129" type="stmt" count="9"/>
          <line num="131" type="stmt" count="9"/>
          <line num="132" type="stmt" count="9"/>
          <line num="134" type="stmt" count="8"/>
          <line num="137" type="stmt" count="9"/>
          <line num="138" type="stmt" count="9"/>
          <line num="141" type="stmt" count="9"/>
          <line num="144" type="method" name="normalizeGroups" visibility="protected" complexity="2" crap="2"
                count="9"/>
          <line num="146" type="stmt" count="9"/>
          <line num="149" type="method" name="extractGroups" visibility="protected" complexity="5" crap="5" count="9"/>
          <line num="151" type="stmt" count="9"/>
          <line num="152" type="stmt" count="9"/>
          <line num="153" type="stmt" count="7"/>
          <line num="155" type="stmt" count="9"/>
          <line num="159" type="stmt" count="9"/>
          <line num="162" type="method" name="getFullName" visibility="protected" complexity="3" crap="3.33" count="9"/>
          <line num="164" type="stmt" count="9"/>
          <line num="165" type="stmt" count="9"/>
          <line num="168" type="stmt" count="0"/>
          <metrics loc="169" ncloc="140" classes="1" methods="11" coveredmethods="10" conditionals="0"
                   coveredconditionals="0" statements="55" coveredstatements="54" elements="66" coveredelements="64"/>
      </file>
        <file name="/home/george/www/data-structure/src/Metadata/Metadata.php">
            <class name="Metadata" namespace="NewInventor\DataStructure\Metadata">
                <metrics complexity="9" methods="5" coveredmethods="4" conditionals="0" coveredconditionals="0"
                         statements="13" coveredstatements="12" elements="18" coveredelements="16"/>
            </class>
            <line num="37" type="method" name="__construct" visibility="public" complexity="4" crap="4.02" count="10"/>
            <line num="39" type="stmt" count="10"/>
            <line num="40" type="stmt" count="10"/>
            <line num="41" type="stmt" count="10"/>
            <line num="42" type="stmt" count="10"/>
            <line num="43" type="stmt" count="10"/>
            <line num="44" type="stmt" count="0"/>
            <line num="46" type="stmt" count="10"/>
            <line num="47" type="stmt" count="10"/>
            <line num="48" type="stmt" count="10"/>
            <line num="53" type="method" name="getFullClassName" visibility="public" complexity="1" crap="1"
                  count="10"/>
            <line num="55" type="stmt" count="10"/>
            <line num="61" type="method" name="getClassName" visibility="public" complexity="1" crap="1" count="2"/>
            <line num="63" type="stmt" count="2"/>
            <line num="69" type="method" name="getNamespace" visibility="public" complexity="1" crap="1" count="2"/>
            <line num="71" type="stmt" count="2"/>
            <line num="79" type="method" name="getTransformer" visibility="public" complexity="2" crap="2" count="9"/>
            <line num="81" type="stmt" count="9"/>
            <metrics loc="82" ncloc="50" classes="1" methods="5" coveredmethods="4" conditionals="0"
                     coveredconditionals="0" statements="13" coveredstatements="12" elements="18" coveredelements="16"/>
      </file>
    </package>
        <file name="/home/george/www/data-structure/src/Metadata/MetadataInterface.php">
            <metrics loc="38" ncloc="19" classes="0" methods="0" coveredmethods="0" conditionals="0"
                     coveredconditionals="0" statements="0" coveredstatements="0" elements="0" coveredelements="0"/>
    </file>
        <file name="/home/george/www/data-structure/src/MetadataLoaderInterface.php">
            <metrics loc="19" ncloc="8" classes="0" methods="0" coveredmethods="0" conditionals="0"
                     coveredconditionals="0" statements="0" coveredstatements="0" elements="0" coveredelements="0"/>
        </file>
    <file name="/home/george/www/data-structure/src/StructureTransformerInterface.php">
        <metrics loc="36" ncloc="21" classes="0" methods="0" coveredmethods="0" conditionals="0" coveredconditionals="0"
                 statements="0" coveredstatements="0" elements="0" coveredelements="0"/>
    </file>
    <package name="NewInventor\DataStructure\Validation">
        <file name="/home/george/www/data-structure/src/Validation/Factory.php">
            <class name="Factory" namespace="NewInventor\DataStructure\Validation">
                <metrics complexity="2" methods="2" coveredmethods="0" conditionals="0" coveredconditionals="0"
                         statements="18" coveredstatements="0" elements="20" coveredelements="0"/>
            </class>
            <line num="31" type="method" name="__construct" visibility="public" complexity="1" crap="2" count="0"/>
            <line num="32" type="stmt" count="0"/>
            <line num="33" type="stmt" count="0"/>
            <line num="34" type="stmt" count="0"/>
            <line num="35" type="stmt" count="0"/>
            <line num="36" type="stmt" count="0"/>
            <line num="37" type="stmt" count="0"/>
            <line num="47" type="method" name="getValidator" visibility="public" complexity="1" crap="2" count="0"/>
            <line num="48" type="stmt" count="0"/>
            <line num="49" type="stmt" count="0"/>
            <line num="51" type="stmt" count="0"/>
            <line num="52" type="stmt" count="0"/>
            <line num="53" type="stmt" count="0"/>
            <line num="55" type="stmt" count="0"/>
            <line num="57" type="stmt" count="0"/>
            <line num="58" type="stmt" count="0"/>
            <line num="59" type="stmt" count="0"/>
            <line num="60" type="stmt" count="0"/>
            <line num="61" type="stmt" count="0"/>
            <line num="62" type="stmt" count="0"/>
            <metrics loc="64" ncloc="44" classes="1" methods="2" coveredmethods="0" conditionals="0"
                     coveredconditionals="0" statements="18" coveredstatements="0" elements="20" coveredelements="0"/>
        </file>
      <file name="/home/george/www/data-structure/src/Validation/Loader.php">
        <class name="Loader" namespace="NewInventor\DataStructure\Validation">
            <metrics complexity="30" methods="9" coveredmethods="8" conditionals="0" coveredconditionals="0"
                     statements="49" coveredstatements="48" elements="58" coveredelements="56"/>
        </class>
          <line num="35" type="method" name="__construct" visibility="public" complexity="1" crap="1" count="1"/>
          <line num="37" type="stmt" count="1"/>
          <line num="38" type="stmt" count="1"/>
          <line num="39" type="stmt" count="1"/>
          <line num="50" type="method" name="loadClassMetadata" visibility="public" complexity="1" crap="1" count="1"/>
          <line num="52" type="stmt" count="1"/>
          <line num="54" type="stmt" count="1"/>
          <line num="62" type="method" name="getMetadataClassName" visibility="protected" complexity="1" crap="1"
                count="1"/>
          <line num="64" type="stmt" count="1"/>
          <line num="73" type="method" name="loadData" visibility="public" complexity="7" crap="7" count="1"/>
          <line num="76" type="stmt" count="1"/>
          <line num="77" type="stmt" count="1"/>
          <line num="78" type="stmt" count="1"/>
          <line num="80" type="stmt" count="1"/>
          <line num="83" type="stmt" count="1"/>
          <line num="84" type="stmt" count="1"/>
          <line num="85" type="stmt" count="1"/>
          <line num="87" type="stmt" count="1"/>
          <line num="89" type="stmt" count="1"/>
          <line num="97" type="method" name="parseValidation" visibility="protected" complexity="10" crap="10"
                count="1"/>
          <line num="99" type="stmt" count="1"/>
          <line num="100" type="stmt" count="1"/>
          <line num="101" type="stmt" count="1"/>
          <line num="102" type="stmt" count="1"/>
          <line num="105" type="stmt" count="1"/>
          <line num="106" type="stmt" count="1"/>
          <line num="107" type="stmt" count="1"/>
          <line num="108" type="stmt" count="1"/>
          <line num="111" type="stmt" count="1"/>
          <line num="112" type="stmt" count="1"/>
          <line num="113" type="stmt" count="1"/>
          <line num="114" type="stmt" count="1"/>
          <line num="117" type="stmt" count="1"/>
          <line num="124" type="method" name="prepareGetterValidators" visibility="protected" complexity="2" crap="2"
                count="1"/>
          <line num="126" type="stmt" count="1"/>
          <line num="127" type="stmt" count="1"/>
          <line num="128" type="stmt" count="1"/>
          <line num="129" type="stmt" count="1"/>
          <line num="130" type="stmt" count="1"/>
          <line num="133" type="stmt" count="1"/>
          <line num="140" type="method" name="preparePropertyValidators" visibility="protected" complexity="2" crap="2"
                count="1"/>
          <line num="142" type="stmt" count="1"/>
          <line num="143" type="stmt" count="1"/>
          <line num="144" type="stmt" count="1"/>
          <line num="145" type="stmt" count="1"/>
          <line num="148" type="stmt" count="1"/>
          <line num="150" type="method" name="prepareValidator" visibility="protected" complexity="3" crap="3.04"
                count="1"/>
          <line num="152" type="stmt" count="1"/>
          <line num="153" type="stmt" count="1"/>
          <line num="154" type="stmt" count="1"/>
          <line num="156" type="stmt" count="1"/>
          <line num="157" type="stmt" count="0"/>
          <line num="160" type="stmt" count="1"/>
          <line num="163" type="method" name="parseProperties" visibility="protected" complexity="3" crap="3"
                count="1"/>
          <line num="165" type="stmt" count="1"/>
          <line num="166" type="stmt" count="1"/>
          <line num="167" type="stmt" count="1"/>
          <line num="170" type="stmt" count="1"/>
          <metrics loc="170" ncloc="118" classes="1" methods="9" coveredmethods="8" conditionals="0"
                   coveredconditionals="0" statements="49" coveredstatements="48" elements="58" coveredelements="56"/>
      </file>
    </package>
        <metrics files="22" loc="1869" ncloc="1405" classes="16" methods="99" coveredmethods="70" conditionals="0"
                 coveredconditionals="0" statements="586" coveredstatements="497" elements="685" coveredelements="567"/>
  </project>
</coverage>
